
Reports Folder: C:\\Users\\mobolaji.aina\\Documents\\java\\reportrecycler\\test

 File removal identifier File:COPY
Adding "C:\Users\mobolaji.aina\Documents\java\reportrecycler\test\1 - Copy (2).txt" to list of files to be removed.
Adding "C:\Users\mobolaji.aina\Documents\java\reportrecycler\test\1 - Copy (3).txt" to list of files to be removed.
Adding "C:\Users\mobolaji.aina\Documents\java\reportrecycler\test\1 - Copy (4).txt" to list of files to be removed.
Adding "C:\Users\mobolaji.aina\Documents\java\reportrecycler\test\1 - Copy (5).txt" to list of files to be removed.
Adding "C:\Users\mobolaji.aina\Documents\java\reportrecycler\test\1 - Copy.txt" to list of files to be removed.
Adding "C:\Users\mobolaji.aina\Documents\java\reportrecycler\test\2 - Copy (2).txt" to list of files to be removed.
Adding "C:\Users\mobolaji.aina\Documents\java\reportrecycler\test\2 - Copy (3).txt" to list of files to be removed.
Adding "C:\Users\mobolaji.aina\Documents\java\reportrecycler\test\2 - Copy (4).txt" to list of files to be removed.
Adding "C:\Users\mobolaji.aina\Documents\java\reportrecycler\test\2 - Copy (5).txt" to list of files to be removed.
Adding "C:\Users\mobolaji.aina\Documents\java\reportrecycler\test\2 - Copy.txt" to list of files to be removed.
Now scanning "C:\Users\mobolaji.aina\Documents\java\reportrecycler\test\New folder" for reports to be removed.
Adding "C:\Users\mobolaji.aina\Documents\java\reportrecycler\test\New folder\1 - Copy (2).txt" to list of files to be removed.
Adding "C:\Users\mobolaji.aina\Documents\java\reportrecycler\test\New folder\1 - Copy (3).txt" to list of files to be removed.
Adding "C:\Users\mobolaji.aina\Documents\java\reportrecycler\test\New folder\1 - Copy (4).txt" to list of files to be removed.
Adding "C:\Users\mobolaji.aina\Documents\java\reportrecycler\test\New folder\1 - Copy (5).txt" to list of files to be removed.
Adding "C:\Users\mobolaji.aina\Documents\java\reportrecycler\test\New folder\1 - Copy (6).txt" to list of files to be removed.
Adding "C:\Users\mobolaji.aina\Documents\java\reportrecycler\test\New folder\1 - Copy.txt" to list of files to be removed.
Adding "C:\Users\mobolaji.aina\Documents\java\reportrecycler\test\New folder\2 - Copy (2).txt" to list of files to be removed.
Adding "C:\Users\mobolaji.aina\Documents\java\reportrecycler\test\New folder\2 - Copy (3).txt" to list of files to be removed.
Adding "C:\Users\mobolaji.aina\Documents\java\reportrecycler\test\New folder\2 - Copy (4).txt" to list of files to be removed.
Adding "C:\Users\mobolaji.aina\Documents\java\reportrecycler\test\New folder\2 - Copy (5).txt" to list of files to be removed.
Adding "C:\Users\mobolaji.aina\Documents\java\reportrecycler\test\New folder\2 - Copy (6).txt" to list of files to be removed.
Adding "C:\Users\mobolaji.aina\Documents\java\reportrecycler\test\New folder\2 - Copy.txt" to list of files to be removed.
Adding "C:\Users\mobolaji.aina\Documents\java\reportrecycler\test\New folder\22 - Copy (2).txt" to list of files to be removed.
Adding "C:\Users\mobolaji.aina\Documents\java\reportrecycler\test\New folder\22 - Copy (3).txt" to list of files to be removed.
Adding "C:\Users\mobolaji.aina\Documents\java\reportrecycler\test\New folder\22 - Copy (4).txt" to list of files to be removed.
Adding "C:\Users\mobolaji.aina\Documents\java\reportrecycler\test\New folder\22 - Copy (5).txt" to list of files to be removed.
Adding "C:\Users\mobolaji.aina\Documents\java\reportrecycler\test\New folder\22 - Copy (6).txt" to list of files to be removed.
Adding "C:\Users\mobolaji.aina\Documents\java\reportrecycler\test\New folder\22 - Copy.txt" to list of files to be removed.
Now scanning "C:\Users\mobolaji.aina\Documents\java\reportrecycler\test\New folder\New folder" for reports to be removed.
Adding "C:\Users\mobolaji.aina\Documents\java\reportrecycler\test\New folder\New folder\22 - Copy (2).txt" to list of files to be removed.
Adding "C:\Users\mobolaji.aina\Documents\java\reportrecycler\test\New folder\New folder\22 - Copy (3).txt" to list of files to be removed.
Adding "C:\Users\mobolaji.aina\Documents\java\reportrecycler\test\New folder\New folder\22 - Copy (4).txt" to list of files to be removed.
Adding "C:\Users\mobolaji.aina\Documents\java\reportrecycler\test\New folder\New folder\22 - Copy (5).txt" to list of files to be removed.
Adding "C:\Users\mobolaji.aina\Documents\java\reportrecycler\test\New folder\New folder\22 - Copy (6).txt" to list of files to be removed.
Adding "C:\Users\mobolaji.aina\Documents\java\reportrecycler\test\New folder\New folder\22 - Copy.txt" to list of files to be removed.
C:\Users\mobolaji.aina\Documents\java\reportrecycler\test\New folder\22 - Copy (6).txt has been successfully removed from the reports folder.
C:\Users\mobolaji.aina\Documents\java\reportrecycler\test\New folder\2 - Copy (3).txt has been successfully removed from the reports folder.
C:\Users\mobolaji.aina\Documents\java\reportrecycler\test\New folder\2 - Copy.txt has been successfully removed from the reports folder.
C:\Users\mobolaji.aina\Documents\java\reportrecycler\test\1 - Copy (5).txt has been successfully removed from the reports folder.
C:\Users\mobolaji.aina\Documents\java\reportrecycler\test\New folder\22 - Copy (5).txt has been successfully removed from the reports folder.
C:\Users\mobolaji.aina\Documents\java\reportrecycler\test\New folder\2 - Copy (5).txt has been successfully removed from the reports folder.
C:\Users\mobolaji.aina\Documents\java\reportrecycler\test\2 - Copy (2).txt has been successfully removed from the reports folder.
C:\Users\mobolaji.aina\Documents\java\reportrecycler\test\1 - Copy (3).txt has been successfully removed from the reports folder.
C:\Users\mobolaji.aina\Documents\java\reportrecycler\test\New folder\22 - Copy (3).txt has been successfully removed from the reports folder.
C:\Users\mobolaji.aina\Documents\java\reportrecycler\test\New folder\New folder\22 - Copy.txt has been successfully removed from the reports folder.
C:\Users\mobolaji.aina\Documents\java\reportrecycler\test\New folder\New folder\22 - Copy (3).txt has been successfully removed from the reports folder.
C:\Users\mobolaji.aina\Documents\java\reportrecycler\test\New folder\1 - Copy (4).txt has been successfully removed from the reports folder.
C:\Users\mobolaji.aina\Documents\java\reportrecycler\test\New folder\1 - Copy.txt has been successfully removed from the reports folder.
C:\Users\mobolaji.aina\Documents\java\reportrecycler\test\New folder\1 - Copy (2).txt has been successfully removed from the reports folder.
C:\Users\mobolaji.aina\Documents\java\reportrecycler\test\New folder\2 - Copy (2).txt has been successfully removed from the reports folder.
C:\Users\mobolaji.aina\Documents\java\reportrecycler\test\New folder\22 - Copy (4).txt has been successfully removed from the reports folder.
C:\Users\mobolaji.aina\Documents\java\reportrecycler\test\New folder\22 - Copy.txt has been successfully removed from the reports folder.
C:\Users\mobolaji.aina\Documents\java\reportrecycler\test\New folder\2 - Copy (4).txt has been successfully removed from the reports folder.
C:\Users\mobolaji.aina\Documents\java\reportrecycler\test\2 - Copy (3).txt has been successfully removed from the reports folder.
C:\Users\mobolaji.aina\Documents\java\reportrecycler\test\New folder\New folder\22 - Copy (2).txt has been successfully removed from the reports folder.
C:\Users\mobolaji.aina\Documents\java\reportrecycler\test\1 - Copy (2).txt has been successfully removed from the reports folder.
C:\Users\mobolaji.aina\Documents\java\reportrecycler\test\New folder\New folder\22 - Copy (5).txt has been successfully removed from the reports folder.
C:\Users\mobolaji.aina\Documents\java\reportrecycler\test\New folder\1 - Copy (6).txt has been successfully removed from the reports folder.
C:\Users\mobolaji.aina\Documents\java\reportrecycler\test\2 - Copy.txt has been successfully removed from the reports folder.
C:\Users\mobolaji.aina\Documents\java\reportrecycler\test\1 - Copy.txt has been successfully removed from the reports folder.
C:\Users\mobolaji.aina\Documents\java\reportrecycler\test\New folder\1 - Copy (3).txt has been successfully removed from the reports folder.
C:\Users\mobolaji.aina\Documents\java\reportrecycler\test\2 - Copy (5).txt has been successfully removed from the reports folder.
C:\Users\mobolaji.aina\Documents\java\reportrecycler\test\New folder\22 - Copy (2).txt has been successfully removed from the reports folder.
C:\Users\mobolaji.aina\Documents\java\reportrecycler\test\New folder\2 - Copy (6).txt has been successfully removed from the reports folder.
C:\Users\mobolaji.aina\Documents\java\reportrecycler\test\New folder\1 - Copy (5).txt has been successfully removed from the reports folder.
C:\Users\mobolaji.aina\Documents\java\reportrecycler\test\New folder\New folder\22 - Copy (4).txt has been successfully removed from the reports folder.
C:\Users\mobolaji.aina\Documents\java\reportrecycler\test\1 - Copy (4).txt has been successfully removed from the reports folder.
C:\Users\mobolaji.aina\Documents\java\reportrecycler\test\2 - Copy (4).txt has been successfully removed from the reports folder.
C:\Users\mobolaji.aina\Documents\java\reportrecycler\test\New folder\New folder\22 - Copy (6).txt has been successfully removed from the reports folder.
